Determining if the pthread_create exist failed with the following output:
Change Dir: /home/fyp-19/fyp-real-bot/ros_part/catkin_ws/build/CMakeFiles/CMakeTmp

Run Build Command:"/usr/bin/make" "cmTC_4f48b/fast"
/usr/bin/make -f CMakeFiles/cmTC_4f48b.dir/build.make CMakeFiles/cmTC_4f48b.dir/build
make[1]: Entering directory '/home/fyp-19/fyp-real-bot/ros_part/catkin_ws/build/CMakeFiles/CMakeTmp'
Building C object CMakeFiles/cmTC_4f48b.dir/CheckSymbolExists.c.o
/usr/bin/cc    -o CMakeFiles/cmTC_4f48b.dir/CheckSymbolExists.c.o   -c /home/fyp-19/fyp-real-bot/ros_part/catkin_ws/build/CMakeFiles/CMakeTmp/CheckSymbolExists.c
Linking C executable cmTC_4f48b
/usr/bin/cmake -E cmake_link_script CMakeFiles/cmTC_4f48b.dir/link.txt --verbose=1
/usr/bin/cc      -rdynamic CMakeFiles/cmTC_4f48b.dir/CheckSymbolExists.c.o  -o cmTC_4f48b 
CMakeFiles/cmTC_4f48b.dir/CheckSymbolExists.c.o: In function `main':
CheckSymbolExists.c:(.text+0x14): undefined reference to `pthread_create'
CheckSymbolExists.c:(.text+0x18): undefined reference to `pthread_create'
collect2: error: ld returned 1 exit status
CMakeFiles/cmTC_4f48b.dir/build.make:97: recipe for target 'cmTC_4f48b' failed
make[1]: *** [cmTC_4f48b] Error 1
make[1]: Leaving directory '/home/fyp-19/fyp-real-bot/ros_part/catkin_ws/build/CMakeFiles/CMakeTmp'
Makefile:126: recipe for target 'cmTC_4f48b/fast' failed
make: *** [cmTC_4f48b/fast] Error 2

File /home/fyp-19/fyp-real-bot/ros_part/catkin_ws/build/CMakeFiles/CMakeTmp/CheckSymbolExists.c:
/* */
#include <pthread.h>

int main(int argc, char** argv)
{
  (void)argv;
#ifndef pthread_create
  return ((int*)(&pthread_create))[argc];
#else
  (void)argc;
  return 0;
#endif
}

Determining if the function pthread_create exists in the pthreads failed with the following output:
Change Dir: /home/fyp-19/fyp-real-bot/ros_part/catkin_ws/build/CMakeFiles/CMakeTmp

Run Build Command:"/usr/bin/make" "cmTC_13a4c/fast"
/usr/bin/make -f CMakeFiles/cmTC_13a4c.dir/build.make CMakeFiles/cmTC_13a4c.dir/build
make[1]: Entering directory '/home/fyp-19/fyp-real-bot/ros_part/catkin_ws/build/CMakeFiles/CMakeTmp'
Building C object CMakeFiles/cmTC_13a4c.dir/CheckFunctionExists.c.o
/usr/bin/cc   -DCHECK_FUNCTION_EXISTS=pthread_create   -o CMakeFiles/cmTC_13a4c.dir/CheckFunctionExists.c.o   -c /usr/share/cmake-3.10/Modules/CheckFunctionExists.c
Linking C executable cmTC_13a4c
/usr/bin/cmake -E cmake_link_script CMakeFiles/cmTC_13a4c.dir/link.txt --verbose=1
/usr/bin/cc  -DCHECK_FUNCTION_EXISTS=pthread_create    -rdynamic CMakeFiles/cmTC_13a4c.dir/CheckFunctionExists.c.o  -o cmTC_13a4c -lpthreads 
/usr/bin/ld: cannot find -lpthreads
collect2: error: ld returned 1 exit status
CMakeFiles/cmTC_13a4c.dir/build.make:97: recipe for target 'cmTC_13a4c' failed
make[1]: *** [cmTC_13a4c] Error 1
make[1]: Leaving directory '/home/fyp-19/fyp-real-bot/ros_part/catkin_ws/build/CMakeFiles/CMakeTmp'
Makefile:126: recipe for target 'cmTC_13a4c/fast' failed
make: *** [cmTC_13a4c/fast] Error 2


